GC Heap History (10 events):
Event: 10.676 GC heap before
{Heap before GC invocations=11 (full 1):
 PSYoungGen      total 133632K, used 133616K [0x00000000eb000000, 0x00000000f7a00000, 0x0000000100000000)
  eden space 125440K, 100% used [0x00000000eb000000,0x00000000f2a80000,0x00000000f2a80000)
  from space 8192K, 99% used [0x00000000f2a80000,0x00000000f327c128,0x00000000f3280000)
  to   space 10240K, 0% used [0x00000000f7000000,0x00000000f7000000,0x00000000f7a00000)
 ParOldGen       total 30720K, used 11439K [0x00000000c1000000, 0x00000000c2e00000, 0x00000000eb000000)
  object space 30720K, 37% used [0x00000000c1000000,0x00000000c1b2be00,0x00000000c2e00000)
 Metaspace       used 31246K, capacity 32896K, committed 33024K, reserved 1077248K
  class space    used 4158K, capacity 4501K, committed 4608K, reserved 1048576K
Event: 10.690 GC heap after
Heap after GC invocations=11 (full 1):
 PSYoungGen      total 195072K, used 9739K [0x00000000eb000000, 0x00000000f7e00000, 0x0000000100000000)
  eden space 184832K, 0% used [0x00000000eb000000,0x00000000eb000000,0x00000000f6480000)
  from space 10240K, 95% used [0x00000000f7000000,0x00000000f7982f98,0x00000000f7a00000)
  to   space 11776K, 0% used [0x00000000f6480000,0x00000000f6480000,0x00000000f7000000)
 ParOldGen       total 30720K, used 12809K [0x00000000c1000000, 0x00000000c2e00000, 0x00000000eb000000)
  object space 30720K, 41% used [0x00000000c1000000,0x00000000c1c824c8,0x00000000c2e00000)
 Metaspace       used 31246K, capacity 32896K, committed 33024K, reserved 1077248K
  class space    used 4158K, capacity 4501K, committed 4608K, reserved 1048576K
}
Event: 11.534 GC heap before
{Heap before GC invocations=12 (full 1):
 PSYoungGen      total 195072K, used 47523K [0x00000000eb000000, 0x00000000f7e00000, 0x0000000100000000)
  eden space 184832K, 20% used [0x00000000eb000000,0x00000000ed4e5e78,0x00000000f6480000)
  from space 10240K, 95% used [0x00000000f7000000,0x00000000f7982f98,0x00000000f7a00000)
  to   space 11776K, 0% used [0x00000000f6480000,0x00000000f6480000,0x00000000f7000000)
 ParOldGen       total 30720K, used 12809K [0x00000000c1000000, 0x00000000c2e00000, 0x00000000eb000000)
  object space 30720K, 41% used [0x00000000c1000000,0x00000000c1c824c8,0x00000000c2e00000)
 Metaspace       used 33723K, capacity 35414K, committed 35496K, reserved 1079296K
  class space    used 4445K, capacity 4804K, committed 4864K, reserved 1048576K
Event: 11.556 GC heap after
Heap after GC invocations=12 (full 1):
 PSYoungGen      total 196608K, used 3373K [0x00000000eb000000, 0x00000000fd180000, 0x0000000100000000)
  eden space 184832K, 0% used [0x00000000eb000000,0x00000000eb000000,0x00000000f6480000)
  from space 11776K, 28% used [0x00000000f6480000,0x00000000f67cb760,0x00000000f7000000)
  to   space 11264K, 0% used [0x00000000fc680000,0x00000000fc680000,0x00000000fd180000)
 ParOldGen       total 30720K, used 19773K [0x00000000c1000000, 0x00000000c2e00000, 0x00000000eb000000)
  object space 30720K, 64% used [0x00000000c1000000,0x00000000c234f568,0x00000000c2e00000)
 Metaspace       used 33723K, capacity 35414K, committed 35496K, reserved 1079296K
  class space    used 4445K, capacity 4804K, committed 4864K, reserved 1048576K
}
Event: 11.556 GC heap before
{Heap before GC invocations=13 (full 2):
 PSYoungGen      total 196608K, used 3373K [0x00000000eb000000, 0x00000000fd180000, 0x0000000100000000)
  eden space 184832K, 0% used [0x00000000eb000000,0x00000000eb000000,0x00000000f6480000)
  from space 11776K, 28% used [0x00000000f6480000,0x00000000f67cb760,0x00000000f7000000)
  to   space 11264K, 0% used [0x00000000fc680000,0x00000000fc680000,0x00000000fd180000)
 ParOldGen       total 30720K, used 19773K [0x00000000c1000000, 0x00000000c2e00000, 0x00000000eb000000)
  object space 30720K, 64% used [0x00000000c1000000,0x00000000c234f568,0x00000000c2e00000)
 Metaspace       used 33723K, capacity 35414K, committed 35496K, reserved 1079296K
  class space    used 4445K, capacity 4804K, committed 4864K, reserved 1048576K
Event: 11.649 GC heap after
Heap after GC invocations=13 (full 2):
 PSYoungGen      total 196608K, used 0K [0x00000000eb000000, 0x00000000fd180000, 0x0000000100000000)
  eden space 184832K, 0% used [0x00000000eb000000,0x00000000eb000000,0x00000000f6480000)
  from space 11776K, 0% used [0x00000000f6480000,0x00000000f6480000,0x00000000f7000000)
  to   space 11264K, 0% used [0x00000000fc680000,0x00000000fc680000,0x00000000fd180000)
 ParOldGen       total 43520K, used 15984K [0x00000000c1000000, 0x00000000c3a80000, 0x00000000eb000000)
  object space 43520K, 36% used [0x00000000c1000000,0x00000000c1f9c208,0x00000000c3a80000)
 Metaspace       used 33723K, capacity 35414K, committed 35496K, reserved 1079296K
  class space    used 4445K, capacity 4804K, committed 4864K, reserved 1048576K
}
Event: 15.460 GC heap before
{Heap before GC invocations=14 (full 2):
 PSYoungGen      total 196608K, used 152279K [0x00000000eb000000, 0x00000000fd180000, 0x0000000100000000)
  eden space 184832K, 82% used [0x00000000eb000000,0x00000000f44b5d90,0x00000000f6480000)
  from space 11776K, 0% used [0x00000000f6480000,0x00000000f6480000,0x00000000f7000000)
  to   space 11264K, 0% used [0x00000000fc680000,0x00000000fc680000,0x00000000fd180000)
 ParOldGen       total 43520K, used 15984K [0x00000000c1000000, 0x00000000c3a80000, 0x00000000eb000000)
  object space 43520K, 36% used [0x00000000c1000000,0x00000000c1f9c208,0x00000000c3a80000)
 Metaspace       used 47443K, capacity 49368K, committed 49536K, reserved 1095680K
  class space    used 6590K, capacity 6999K, committed 7040K, reserved 1048576K
Event: 15.479 GC heap after
Heap after GC invocations=14 (full 2):
 PSYoungGen      total 196096K, used 11254K [0x00000000eb000000, 0x00000000fd180000, 0x0000000100000000)
  eden space 184832K, 0% used [0x00000000eb000000,0x00000000eb000000,0x00000000f6480000)
  from space 11264K, 99% used [0x00000000fc680000,0x00000000fd17da18,0x00000000fd180000)
  to   space 11776K, 0% used [0x00000000f6480000,0x00000000f6480000,0x00000000f7000000)
 ParOldGen       total 43520K, used 21074K [0x00000000c1000000, 0x00000000c3a80000, 0x00000000eb000000)
  object space 43520K, 48% used [0x00000000c1000000,0x00000000c2494970,0x00000000c3a80000)
 Metaspace       used 47443K, capacity 49368K, committed 49536K, reserved 1095680K
  class space    used 6590K, capacity 6999K, committed 7040K, reserved 1048576K
}
Event: 15.479 GC heap before
{Heap before GC invocations=15 (full 3):
 PSYoungGen      total 196096K, used 11254K [0x00000000eb000000, 0x00000000fd180000, 0x0000000100000000)
  eden space 184832K, 0% used [0x00000000eb000000,0x00000000eb000000,0x00000000f6480000)
  from space 11264K, 99% used [0x00000000fc680000,0x00000000fd17da18,0x00000000fd180000)
  to   space 11776K, 0% used [0x00000000f6480000,0x00000000f6480000,0x00000000f7000000)
 ParOldGen       total 43520K, used 21074K [0x00000000c1000000, 0x00000000c3a80000, 0x00000000eb000000)
  object space 43520K, 48% used [0x00000000c1000000,0x00000000c2494970,0x00000000c3a80000)
 Metaspace       used 47443K, capacity 49368K, committed 49536K, reserved 1095680K
  class space    used 6590K, capacity 6999K, committed 7040K, reserved 1048576K
Event: 15.785 GC heap after
Heap after GC invocations=15 (full 3):
 PSYoungGen      total 196096K, used 0K [0x00000000eb000000, 0x00000000fd180000, 0x0000000100000000)
  eden space 184832K, 0% used [0x00000000eb000000,0x00000000eb000000,0x00000000f6480000)
  from space 11264K, 0% used [0x00000000fc680000,0x00000000fc680000,0x00000000fd180000)
  to   space 11776K, 0% used [0x00000000f6480000,0x00000000f6480000,0x00000000f7000000)
 ParOldGen       total 43520K, used 29586K [0x00000000c1000000, 0x00000000c3a80000, 0x00000000eb000000)
  object space 43520K, 67% used [0x00000000c1000000,0x00000000c2ce4998,0x00000000c3a80000)
 Metaspace       used 47443K, capacity 49368K, committed 49536K, reserved 1093632K
  class space    used 6590K, capacity 6999K, committed 7040K, reserved 1048576K
}

